<?xml version="1.0" encoding="UTF-8"?>
<testsuite xmlns:xsi="http://www.w3.org/2001/XMLSchema-instance" xsi:noNamespaceSchemaLocation="https://maven.apache.org/surefire/maven-surefire-plugin/xsd/surefire-test-report.xsd" name="com.mobiquityinc.packageapp.PackageAppApplicationTests" time="6.51" tests="7" errors="0" skipped="0" failures="0">
  <properties>
[...]
</properties>
  <testcase name="testPackValid" classname="com.mobiquityinc.packageapp.PackageAppApplicationTests" time="1.439"/>
  <testcase name="testEmptyFilePath" classname="com.mobiquityinc.packageapp.PackageAppApplicationTests" time="0"/>
  <testcase name="testPackNoFile" classname="com.mobiquityinc.packageapp.PackageAppApplicationTests" time="0"/>
  <testcase name="testPackInvalidItemMaxPrice" classname="com.mobiquityinc.packageapp.PackageAppApplicationTests" time="0.006"/>
  <testcase name="testPackInvalidPackageMaxWeight" classname="com.mobiquityinc.packageapp.PackageAppApplicationTests" time="0.004"/>
  <testcase name="testNullFilePath" classname="com.mobiquityinc.packageapp.PackageAppApplicationTests" time="0"/>
  <testcase name="testPackInvalidItemMaxWeight" classname="com.mobiquityinc.packageapp.PackageAppApplicationTests" time="0"/>
</testsuite>